#
# An unexpected error has been detected by HotSpot Virtual Machine:
#
#  EXCEPTION_ACCESS_VIOLATION (0xc0000005) at pc=0x7555d9ef, pid=13820, tid=10724
#
# Java VM: Java HotSpot(TM) Client VM (1.5.0_13-b05 mixed mode)
# Problematic frame:
# C  [KERNELBASE.dll+0x2d9ef]
#

---------------  T H R E A D  ---------------

Current thread (0x04aaed40):  JavaThread "AWT-EventQueue-0" [_thread_in_native, id=10724]

siginfo: ExceptionCode=0xc0000005, reading address 0x0870e458

Registers:
EAX=0x00000000, EBX=0x00000000, ECX=0x7fffffff, EDX=0x7fffffff
ESP=0x05dfec28, EBP=0x05dfec34, ESI=0x0870e458, EDI=0x05dfec5c
EIP=0x7555d9ef, EFLAGS=0x00010206

Top of Stack: (sp=0x05dfec28)
0x05dfec28:   ffffffff 7555ebcb 0870e458 05dfec78
0x05dfec38:   7555f361 0870e458 7fffffff 05dfec5c
0x05dfec48:   04aaed40 00000001 00000000 05dfeca4
0x05dfec58:   ffffffff 00000000 04aaed40 00000000
0x05dfec68:   75e6ce55 0038e8b0 75dc66bc 5bb58974
0x05dfec78:   05dfefb8 6d16136b 00000000 00000001
0x05dfec88:   0870e458 ffffffff 05dfeca4 00000104
0x05dfec98:   04aaed40 30180a40 30180a40 00000000 

Instructions: (pc=0x7555d9ef)
0x7555d9df:   cc cc cc 8b ff 56 8b f0 33 c0 8b ca 85 d2 74 0c
0x7555d9ef:   38 06 74 04 46 4a 75 f8 85 d2 75 05 b8 57 00 07 


Stack: [0x05dc0000,0x05e00000),  sp=0x05dfec28,  free space=251k
Native frames: (J=compiled Java code, j=interpreted, Vv=VM code, C=native code)
C  [KERNELBASE.dll+0x2d9ef]
C  [KERNELBASE.dll+0x2f361]
C  [awt.dll+0xf136b]
j  sun.awt.shell.Win32ShellFolder2.getLinkLocation(JJZ)J+0
j  sun.awt.shell.Win32ShellFolder2.getLinkLocation(Z)Lsun/awt/shell/ShellFolder;+20
j  sun.awt.shell.Win32ShellFolder2.isDirectory()Z+69
j  sun.awt.shell.Win32ShellFolder2.isDirectory()Z+79
j  sun.awt.shell.Win32ShellFolderManager2.get(Ljava/lang/String;)Ljava/lang/Object;+156
j  sun.awt.shell.ShellFolder.get(Ljava/lang/String;)Ljava/lang/Object;+4
j  com.sun.java.swing.plaf.windows.WindowsFileChooserUI.updateUseShellFolder()V+55
j  com.sun.java.swing.plaf.windows.WindowsFileChooserUI.installComponents(Ljavax/swing/JFileChooser;)V+67
j  javax.swing.plaf.basic.BasicFileChooserUI.installUI(Ljavax/swing/JComponent;)V+47
j  com.sun.java.swing.plaf.windows.WindowsFileChooserUI.installUI(Ljavax/swing/JComponent;)V+2
J  javax.swing.JComponent.setUI(Ljavax/swing/plaf/ComponentUI;)V
v  ~RuntimeStub::alignment_frame_return Runtime1 stub
j  javax.swing.JFileChooser.updateUI()V+40
j  javax.swing.JFileChooser.setup(Ljavax/swing/filechooser/FileSystemView;)V+73
j  javax.swing.JFileChooser.<init>(Ljava/lang/String;Ljavax/swing/filechooser/FileSystemView;)V+133
j  javax.swing.JFileChooser.<init>(Ljava/lang/String;)V+6
j  it.businesslogic.ireport.gui.MainFrame.saveAs(Lit/businesslogic/ireport/gui/JReportFrame;)V+16
j  it.businesslogic.ireport.gui.MainFrame.jMenuItemSaveAsActionPerformed(Ljava/awt/event/ActionEvent;)V+36
j  it.businesslogic.ireport.gui.MainFrame.access$8300(Lit/businesslogic/ireport/gui/MainFrame;Ljava/awt/event/ActionEvent;)V+2
j  it.businesslogic.ireport.gui.MainFrame$85.actionPerformed(Ljava/awt/event/ActionEvent;)V+5
j  javax.swing.AbstractButton.fireActionPerformed(Ljava/awt/event/ActionEvent;)V+84
j  javax.swing.AbstractButton$Handler.actionPerformed(Ljava/awt/event/ActionEvent;)V+5
j  javax.swing.DefaultButtonModel.fireActionPerformed(Ljava/awt/event/ActionEvent;)V+35
j  javax.swing.DefaultButtonModel.setPressed(Z)V+117
j  javax.swing.AbstractButton.doClick(I)V+64
j  javax.swing.plaf.basic.BasicMenuItemUI.doClick(Ljavax/swing/MenuSelectionManager;)V+53
j  javax.swing.plaf.basic.BasicMenuItemUI$Handler.mouseReleased(Ljava/awt/event/MouseEvent;)V+62
j  java.awt.Component.processMouseEvent(Ljava/awt/event/MouseEvent;)V+64
j  javax.swing.JComponent.processMouseEvent(Ljava/awt/event/MouseEvent;)V+23
J  java.awt.Component.processEvent(Ljava/awt/AWTEvent;)V
J  java.awt.Container.processEvent(Ljava/awt/AWTEvent;)V
J  java.awt.Component.dispatchEventImpl(Ljava/awt/AWTEvent;)V
J  java.awt.Container.dispatchEventImpl(Ljava/awt/AWTEvent;)V
J  java.awt.LightweightDispatcher.retargetMouseEvent(Ljava/awt/Component;ILjava/awt/event/MouseEvent;)V
J  java.awt.LightweightDispatcher.processMouseEvent(Ljava/awt/event/MouseEvent;)Z
J  java.awt.LightweightDispatcher.dispatchEvent(Ljava/awt/AWTEvent;)Z
J  java.awt.Container.dispatchEventImpl(Ljava/awt/AWTEvent;)V
J  java.awt.Window.dispatchEventImpl(Ljava/awt/AWTEvent;)V
J  java.awt.EventQueue.dispatchEvent(Ljava/awt/AWTEvent;)V
J  java.awt.EventDispatchThread.pumpOneEventForHierarchy(ILjava/awt/Component;)Z
v  ~RuntimeStub::alignment_frame_return Runtime1 stub
j  java.awt.EventDispatchThread.pumpEventsForHierarchy(ILjava/awt/Conditional;Ljava/awt/Component;)V+26
j  java.awt.EventDispatchThread.pumpEvents(ILjava/awt/Conditional;)V+4
j  java.awt.EventDispatchThread.pumpEvents(Ljava/awt/Conditional;)V+3
j  java.awt.EventDispatchThread.run()V+9
v  ~StubRoutines::call_stub
V  [jvm.dll+0x872c4]
V  [jvm.dll+0xdf93a]
V  [jvm.dll+0x87195]
V  [jvm.dll+0x86ef2]
V  [jvm.dll+0xa1d5d]
V  [jvm.dll+0x11115e]
V  [jvm.dll+0x11112c]
C  [msvcrt.dll+0x11287]
C  [msvcrt.dll+0x11328]
C  [kernel32.dll+0x13677]
C  [ntdll.dll+0x39d72]
C  [ntdll.dll+0x39d45]

Java frames: (J=compiled Java code, j=interpreted, Vv=VM code)
j  sun.awt.shell.Win32ShellFolder2.getLinkLocation(JJZ)J+0
j  sun.awt.shell.Win32ShellFolder2.getLinkLocation(Z)Lsun/awt/shell/ShellFolder;+20
j  sun.awt.shell.Win32ShellFolder2.isDirectory()Z+69
j  sun.awt.shell.Win32ShellFolder2.isDirectory()Z+79
j  sun.awt.shell.Win32ShellFolderManager2.get(Ljava/lang/String;)Ljava/lang/Object;+156
j  sun.awt.shell.ShellFolder.get(Ljava/lang/String;)Ljava/lang/Object;+4
j  com.sun.java.swing.plaf.windows.WindowsFileChooserUI.updateUseShellFolder()V+55
j  com.sun.java.swing.plaf.windows.WindowsFileChooserUI.installComponents(Ljavax/swing/JFileChooser;)V+67
j  javax.swing.plaf.basic.BasicFileChooserUI.installUI(Ljavax/swing/JComponent;)V+47
j  com.sun.java.swing.plaf.windows.WindowsFileChooserUI.installUI(Ljavax/swing/JComponent;)V+2
J  javax.swing.JComponent.setUI(Ljavax/swing/plaf/ComponentUI;)V
v  ~RuntimeStub::alignment_frame_return Runtime1 stub
j  javax.swing.JFileChooser.updateUI()V+40
j  javax.swing.JFileChooser.setup(Ljavax/swing/filechooser/FileSystemView;)V+73
j  javax.swing.JFileChooser.<init>(Ljava/lang/String;Ljavax/swing/filechooser/FileSystemView;)V+133
j  javax.swing.JFileChooser.<init>(Ljava/lang/String;)V+6
j  it.businesslogic.ireport.gui.MainFrame.saveAs(Lit/businesslogic/ireport/gui/JReportFrame;)V+16
j  it.businesslogic.ireport.gui.MainFrame.jMenuItemSaveAsActionPerformed(Ljava/awt/event/ActionEvent;)V+36
j  it.businesslogic.ireport.gui.MainFrame.access$8300(Lit/businesslogic/ireport/gui/MainFrame;Ljava/awt/event/ActionEvent;)V+2
j  it.businesslogic.ireport.gui.MainFrame$85.actionPerformed(Ljava/awt/event/ActionEvent;)V+5
j  javax.swing.AbstractButton.fireActionPerformed(Ljava/awt/event/ActionEvent;)V+84
j  javax.swing.AbstractButton$Handler.actionPerformed(Ljava/awt/event/ActionEvent;)V+5
j  javax.swing.DefaultButtonModel.fireActionPerformed(Ljava/awt/event/ActionEvent;)V+35
j  javax.swing.DefaultButtonModel.setPressed(Z)V+117
j  javax.swing.AbstractButton.doClick(I)V+64
j  javax.swing.plaf.basic.BasicMenuItemUI.doClick(Ljavax/swing/MenuSelectionManager;)V+53
j  javax.swing.plaf.basic.BasicMenuItemUI$Handler.mouseReleased(Ljava/awt/event/MouseEvent;)V+62
j  java.awt.Component.processMouseEvent(Ljava/awt/event/MouseEvent;)V+64
j  javax.swing.JComponent.processMouseEvent(Ljava/awt/event/MouseEvent;)V+23
J  java.awt.Component.processEvent(Ljava/awt/AWTEvent;)V
J  java.awt.Container.processEvent(Ljava/awt/AWTEvent;)V
J  java.awt.Component.dispatchEventImpl(Ljava/awt/AWTEvent;)V
J  java.awt.Container.dispatchEventImpl(Ljava/awt/AWTEvent;)V
J  java.awt.LightweightDispatcher.retargetMouseEvent(Ljava/awt/Component;ILjava/awt/event/MouseEvent;)V
J  java.awt.LightweightDispatcher.processMouseEvent(Ljava/awt/event/MouseEvent;)Z
J  java.awt.LightweightDispatcher.dispatchEvent(Ljava/awt/AWTEvent;)Z
J  java.awt.Container.dispatchEventImpl(Ljava/awt/AWTEvent;)V
J  java.awt.Window.dispatchEventImpl(Ljava/awt/AWTEvent;)V
J  java.awt.EventQueue.dispatchEvent(Ljava/awt/AWTEvent;)V
J  java.awt.EventDispatchThread.pumpOneEventForHierarchy(ILjava/awt/Component;)Z
v  ~RuntimeStub::alignment_frame_return Runtime1 stub
j  java.awt.EventDispatchThread.pumpEventsForHierarchy(ILjava/awt/Conditional;Ljava/awt/Component;)V+26
j  java.awt.EventDispatchThread.pumpEvents(ILjava/awt/Conditional;)V+4
j  java.awt.EventDispatchThread.pumpEvents(Ljava/awt/Conditional;)V+3
j  java.awt.EventDispatchThread.run()V+9
v  ~StubRoutines::call_stub

---------------  P R O C E S S  ---------------

Java Threads: ( => current thread )
  0x05437010 JavaThread "Image Fetcher 0" daemon [_thread_blocked, id=7336]
  0x05436868 JavaThread "Thread-9" [_thread_blocked, id=13896]
  0x054363d0 JavaThread "Thread-7" [_thread_blocked, id=13504]
  0x021aede8 JavaThread "DestroyJavaVM" [_thread_blocked, id=8008]
  0x051dc6a0 JavaThread "TimerQueue" daemon [_thread_blocked, id=17156]
=>0x04aaed40 JavaThread "AWT-EventQueue-0" [_thread_in_native, id=10724]
  0x04fa1308 JavaThread "AWT-Windows" daemon [_thread_in_native, id=8228]
  0x04ec1a80 JavaThread "AWT-Shutdown" [_thread_blocked, id=16372]
  0x04a8dc80 JavaThread "Java2D Disposer" daemon [_thread_blocked, id=10560]
  0x02282740 JavaThread "Low Memory Detector" daemon [_thread_blocked, id=2084]
  0x02281970 JavaThread "CompilerThread0" daemon [_thread_blocked, id=10608]
  0x02280d08 JavaThread "Signal Dispatcher" daemon [_thread_blocked, id=10904]
  0x02273f40 JavaThread "Finalizer" daemon [_thread_blocked, id=2808]
  0x02272968 JavaThread "Reference Handler" daemon [_thread_blocked, id=15256]

Other Threads:
  0x0226e8e0 VMThread [id=14964]
  0x0221a790 WatcherThread [id=17112]

VM state:not at safepoint (normal execution)

VM Mutex/Monitor currently owned by a thread: None

Heap
 def new generation   total 9152K, used 8598K [0x0f010000, 0x0f9f0000, 0x11770000)
  eden space 8192K,  95% used [0x0f010000, 0x0f7bb1a8, 0x0f810000)
  from space 960K,  77% used [0x0f900000, 0x0f9ba760, 0x0f9f0000)
  to   space 960K,   0% used [0x0f810000, 0x0f810000, 0x0f900000)
 tenured generation   total 121024K, used 22041K [0x11770000, 0x18da0000, 0x2f010000)
   the space 121024K,  18% used [0x11770000, 0x12cf6760, 0x12cf6800, 0x18da0000)
 compacting perm gen  total 27904K, used 27815K [0x2f010000, 0x30b50000, 0x33010000)
   the space 27904K,  99% used [0x2f010000, 0x30b39cb0, 0x30b39e00, 0x30b50000)
No shared spaces configured.

Dynamic libraries:
0x00400000 - 0x0040d000 	D:\Java\jdk1.5.0_13\bin\java.exe
0x778e0000 - 0x77a60000 	C:\Windows\SysWOW64\ntdll.dll
0x758c0000 - 0x759c0000 	C:\Windows\syswow64\kernel32.dll
0x75530000 - 0x75576000 	C:\Windows\syswow64\KERNELBASE.dll
0x77330000 - 0x773d0000 	C:\Windows\syswow64\ADVAPI32.dll
0x77280000 - 0x7732c000 	C:\Windows\syswow64\msvcrt.dll
0x75c60000 - 0x75c79000 	C:\Windows\SysWOW64\sechost.dll
0x76e80000 - 0x76f70000 	C:\Windows\syswow64\RPCRT4.dll
0x75450000 - 0x754b0000 	C:\Windows\syswow64\SspiCli.dll
0x75440000 - 0x7544c000 	C:\Windows\syswow64\CRYPTBASE.dll
0x6d740000 - 0x6d8dd000 	D:\Java\jdk1.5.0_13\jre\bin\client\jvm.dll
0x77180000 - 0x77280000 	C:\Windows\syswow64\USER32.dll
0x75800000 - 0x75890000 	C:\Windows\syswow64\GDI32.dll
0x76fd0000 - 0x76fda000 	C:\Windows\syswow64\LPK.dll
0x755a0000 - 0x7563d000 	C:\Windows\syswow64\USP10.dll
0x73340000 - 0x73372000 	C:\Windows\system32\WINMM.dll
0x76f70000 - 0x76fd0000 	C:\Windows\system32\IMM32.DLL
0x759c0000 - 0x75a8c000 	C:\Windows\syswow64\MSCTF.dll
0x71b90000 - 0x71bdb000 	C:\Windows\system32\apphelp.dll
0x75020000 - 0x75052000 	C:\Windows\SysWOW64\nvinit.dll
0x0f000000 - 0x0f006000 	C:\Program Files (x86)\NVIDIA Corporation\CoProcManager\_etoured.dll
0x74ca0000 - 0x74cdc000 	C:\Program Files (x86)\NVIDIA Corporation\CoProcManager\nvd3d9wrap.dll
0x75660000 - 0x757fd000 	C:\Windows\syswow64\SETUPAPI.dll
0x76a30000 - 0x76a57000 	C:\Windows\syswow64\CFGMGR32.dll
0x75bd0000 - 0x75c5f000 	C:\Windows\syswow64\OLEAUT32.dll
0x75c80000 - 0x75ddc000 	C:\Windows\syswow64\ole32.dll
0x75640000 - 0x75652000 	C:\Windows\syswow64\DEVOBJ.dll
0x74c60000 - 0x74c9b000 	C:\Program Files (x86)\NVIDIA Corporation\CoProcManager\nvdxgiwrap.dll
0x66500000 - 0x6650a000 	C:\Windows\system32\wbsys.dll
0x6d300000 - 0x6d308000 	D:\Java\jdk1.5.0_13\jre\bin\hpi.dll
0x778b0000 - 0x778b5000 	C:\Windows\syswow64\PSAPI.DLL
0x6d710000 - 0x6d71c000 	D:\Java\jdk1.5.0_13\jre\bin\verify.dll
0x6d380000 - 0x6d39d000 	D:\Java\jdk1.5.0_13\jre\bin\java.dll
0x6d730000 - 0x6d73f000 	D:\Java\jdk1.5.0_13\jre\bin\zip.dll
0x6d070000 - 0x6d1da000 	D:\Java\jdk1.5.0_13\jre\bin\awt.dll
0x74de0000 - 0x74e31000 	C:\Windows\system32\WINSPOOL.DRV
0x74be0000 - 0x74c60000 	C:\Windows\system32\uxtheme.dll
0x6d2b0000 - 0x6d300000 	D:\Java\jdk1.5.0_13\jre\bin\fontmanager.dll
0x74bc0000 - 0x74bd3000 	C:\Windows\system32\dwmapi.dll
0x75de0000 - 0x76a29000 	C:\Windows\syswow64\shell32.dll
0x77120000 - 0x77177000 	C:\Windows\syswow64\SHLWAPI.dll
0x6d540000 - 0x6d553000 	D:\Java\jdk1.5.0_13\jre\bin\net.dll
0x770e0000 - 0x77115000 	C:\Windows\syswow64\WS2_32.dll
0x75580000 - 0x75586000 	C:\Windows\syswow64\NSI.dll
0x730e0000 - 0x7311c000 	C:\Windows\system32\mswsock.dll
0x73120000 - 0x73126000 	C:\Windows\System32\wship6.dll
0x6d560000 - 0x6d569000 	D:\Java\jdk1.5.0_13\jre\bin\nio.dll
0x77050000 - 0x770d3000 	C:\Windows\syswow64\CLBCatQ.DLL
0x6d230000 - 0x6d253000 	D:\Java\jdk1.5.0_13\jre\bin\dcpr.dll
0x05970000 - 0x05977000 	C:\Program Files (x86)\Internet Download Manager\idmmkb.dll
0x72680000 - 0x72685000 	C:\Windows\System32\wshtcpip.dll
0x720d0000 - 0x72114000 	C:\Windows\system32\DNSAPI.dll
0x71ed0000 - 0x71ef1000 	C:\Program Files (x86)\Bonjour\mdnsNSP.dll
0x724e0000 - 0x724fc000 	C:\Windows\system32\Iphlpapi.DLL
0x724d0000 - 0x724d7000 	C:\Windows\system32\WINNSI.DLL
0x71d60000 - 0x71d84000 	C:\Program Files (x86)\Common Files\Microsoft Shared\Windows Live\WLIDNSP.DLL
0x71c30000 - 0x71c36000 	C:\Windows\system32\rasadhlp.dll
0x71d20000 - 0x71d58000 	C:\Windows\System32\fwpuclnt.dll
0x77450000 - 0x774d4000 	C:\Windows\WinSxS\x86_microsoft.windows.common-controls_6595b64144ccf1df_5.82.7600.16385_none_ebf82fc36c758ad5\comctl32.dll
0x72f40000 - 0x730de000 	C:\Windows\WinSxS\x86_microsoft.windows.common-controls_6595b64144ccf1df_6.0.7600.16385_none_421189da2b7fabfc\comctl32.dll
0x74a80000 - 0x74b75000 	C:\Windows\system32\propsys.dll
0x73130000 - 0x73151000 	C:\Windows\system32\ntmarta.dll
0x77400000 - 0x77445000 	C:\Windows\syswow64\WLDAP32.dll
0x67a50000 - 0x67be8000 	C:\Windows\system32\NetworkExplorer.dll
0x748c0000 - 0x748ca000 	C:\Windows\system32\slc.dll
0x717b0000 - 0x717c2000 	C:\Windows\system32\MPR.dll
0x741b0000 - 0x741b8000 	C:\Windows\System32\drprov.dll
0x74fe0000 - 0x75009000 	C:\Windows\System32\WINSTA.dll
0x73e60000 - 0x73e74000 	C:\Windows\System32\ntlanman.dll
0x73e20000 - 0x73e36000 	C:\Windows\System32\davclnt.dll
0x73fe0000 - 0x73fe8000 	C:\Windows\System32\DAVHLPR.dll
0x72c60000 - 0x72c6f000 	C:\Windows\system32\wkscli.dll
0x5e4f0000 - 0x5e4fb000 	C:\Windows\system32\cscapi.dll
0x72c70000 - 0x72c79000 	C:\Windows\system32\netutils.dll
0x73bb0000 - 0x73bb9000 	C:\Windows\system32\LINKINFO.dll
0x66430000 - 0x6645e000 	C:\Windows\System32\shdocvw.dll
0x60670000 - 0x6076b000 	C:\Windows\system32\WindowsCodecs.dll
0x06620000 - 0x06644000 	C:\Program Files (x86)\ASUS\ASUS Data Security Manager\ShlExt\x86\OverlayIconShlExt.dll
0x08060000 - 0x08083000 	C:\Program Files (x86)\ASUS\ASUS Data Security Manager\ShlExt\x86\OverlayIconShlExt1.dll
0x5e4a0000 - 0x5e4d1000 	C:\Windows\system32\EhStorShell.dll
0x661c0000 - 0x663dd000 	C:\PROGRA~2\MICROS~1\Office12\GR469A~1.DLL
0x68ef0000 - 0x68fe1000 	C:\PROGRA~2\MICROS~1\Office12\GrooveUtil.DLL
0x76a60000 - 0x76b54000 	C:\Windows\syswow64\WININET.dll
0x76fe0000 - 0x76fe3000 	C:\Windows\syswow64\Normaliz.dll
0x75a90000 - 0x75bc5000 	C:\Windows\syswow64\urlmon.dll
0x76b60000 - 0x76c7c000 	C:\Windows\syswow64\CRYPT32.dll
0x75590000 - 0x7559c000 	C:\Windows\syswow64\MSASN1.dll
0x76c80000 - 0x76e79000 	C:\Windows\syswow64\iertutil.dll
0x72bc0000 - 0x72c5b000 	C:\Windows\WinSxS\x86_microsoft.vc80.crt_1fc8b3b9a1e18e3b_8.0.50727.6195_none_d09154e044272b9a\MSVCR80.dll
0x68ff0000 - 0x68ff7000 	C:\PROGRA~2\MICROS~1\Office12\GrooveNew.DLL
0x732a0000 - 0x732a9000 	C:\Windows\system32\VERSION.dll
0x5e500000 - 0x5e51b000 	C:\Windows\WinSxS\x86_microsoft.vc80.atl_1fc8b3b9a1e18e3b_8.0.50727.5592_none_d1cb520e4353d918\ATL80.DLL
0x723f0000 - 0x72406000 	C:\Windows\system32\CRYPTSP.dll
0x72390000 - 0x723cb000 	C:\Windows\system32\rsaenh.dll
0x72730000 - 0x72735000 	C:\Windows\system32\MSImg32.dll
0x5e3c0000 - 0x5e42f000 	C:\Windows\system32\ntshrui.dll
0x72ba0000 - 0x72bb9000 	C:\Windows\system32\srvcli.dll
0x75060000 - 0x7506b000 	C:\Windows\system32\profapi.dll
0x75220000 - 0x75226000 	C:\Windows\system32\IconCodecService.dll
0x700c0000 - 0x700c8000 	C:\Windows\system32\Secur32.dll
0x72540000 - 0x7254f000 	C:\Windows\system32\samcli.dll
0x75200000 - 0x75212000 	C:\Windows\system32\SAMLIB.dll
0x6d440000 - 0x6d45f000 	D:\Java\jdk1.5.0_13\jre\bin\jpeg.dll
0x72120000 - 0x72130000 	C:\Windows\system32\NLAapi.dll
0x720c0000 - 0x720c8000 	C:\Windows\System32\winrnr.dll
0x72050000 - 0x72060000 	C:\Windows\system32\napinsp.dll
0x72030000 - 0x72042000 	C:\Windows\system32\pnrpnsp.dll
0x72020000 - 0x7202d000 	C:\Windows\system32\wshbth.dll
0x75070000 - 0x75087000 	C:\Windows\system32\USERENV.dll

VM Arguments:
jvm_args: -Direport.home=C:\Users\AGUILAR\Desktop\ETRACS21-Training-CD\installers\iReport-3.0.0 -Djava.security.policy=C:\Users\AGUILAR\Desktop\ETRACS21-Training-CD\installers\iReport-3.0.0/policy.all -Xms128m -Xmx512m
java_command: it.businesslogic.ireport.gui.MainFrame
Launcher Type: SUN_STANDARD

Environment Variables:
JAVA_HOME=D:\Java\jdk1.5.0_13
PATH=ommonProgramFiles\Microsoft Shared\Windows Live;C:\Program Files (x86)\Sent;C:\Program Files (x86)\NVIDIA Corporation\PhysX\Common;C:\Windows\system32;C:\Windows;C:\Windows\System32\Wbem;C:\Windows\System32\WindowsPowerShell\v1.0\;C:\Program Files\WIDCOMM\Bluetooth Software\;C:\Program Files\WIDCOMM\Bluetooth Software\syswow64;C:\Program Files (x86)\MySQL\MySQL Server 5.1\bin;C:\Program Files (x86)\Microsoft SQL Server\100\Tools\Binn\;C:\Program Files\Microsoft SQL Server\100\Tools\Binn\;C:\Program Files\Microsoft SQL Server\100\DTS\Binn\;C:\Program Files (x86)\Microsoft SQL Server\100\Tools\Binn\VSShell\Common7\IDE\;C:\Program Files (x86)\Microsoft SQL Server\100\DTS\Binn\;"C:\Zend\ZendServer\bin";"C:\Zend\ZendServer\share\ZendFramework\bin";C:\Program Files\TortoiseSVN\bin;C:\Program Files (x86)\VisualSVN\bin;C:\Program Files (x86)\Microsoft ASP.NET\ASP.NET Web Pages\v1.0\;C:\Program Files (x86)\QT Lite\QTSystem;C:\Program Files (x86)\QT Lite\QTSystem\;C:\Program Files (x86)\Bitvise Tunnelier;D:\Java\jdk1.5.0_13\bin;C:\Program Files\Common Files\Microsoft Shared\Windows Live
USERNAME=AGUILAR
OS=Windows_NT
PROCESSOR_IDENTIFIER=Intel64 Family 6 Model 37 Stepping 5, GenuineIntel



---------------  S Y S T E M  ---------------

OS: Windows NT 6.1 Build 7600 

CPU:total 4 (cores per cpu 8, threads per core 2) family 6 model 5 stepping 5, cmov, cx8, fxsr, mmx, sse, sse2, ht

Memory: 4k page, physical 3971524k(753036k free), swap 4194303k(1078116k free)

vm_info: Java HotSpot(TM) Client VM (1.5.0_13-b05) for windows-x86, built on Sep 25 2007 19:11:52 by "java_re" with MS VC++ 6.0

